Flow report for Main
Mon May 14 02:30:43 2018
Quartus II Version 9.1 Build 222 10/21/2009 SJ Web Edition


---------------------
; Table of Contents ;
---------------------
  1. Legal Notice
  2. Flow Summary
  3. Flow Settings
  4. Flow Non-Default Global Settings
  5. Flow Elapsed Time
  6. Flow OS Summary
  7. Flow Log



----------------
; Legal Notice ;
----------------
Copyright (C) 1991-2009 Altera Corporation
Your use of Altera Corporation's design tools, logic functions 
and other software and tools, and its AMPP partner logic 
functions, and any output files from any of the foregoing 
(including device programming or simulation files), and any 
associated documentation or information are expressly subject 
to the terms and conditions of the Altera Program License 
Subscription Agreement, Altera MegaCore Function License 
Agreement, or other applicable license agreement, including, 
without limitation, that your use is for the sole purpose of 
programming logic devices manufactured by Altera and sold by 
Altera or its authorized distributors.  Please refer to the 
applicable agreement for further details.



+-------------------------------------------------------------------------+
; Flow Summary                                                            ;
+-------------------------------+-----------------------------------------+
; Flow Status                   ; Successful - Mon May 14 02:30:43 2018   ;
; Quartus II Version            ; 9.1 Build 222 10/21/2009 SJ Web Edition ;
; Revision Name                 ; Main                                    ;
; Top-level Entity Name         ; STACK                                   ;
; Family                        ; Stratix II                              ;
; Met timing requirements       ; N/A                                     ;
; Logic utilization             ; N/A                                     ;
;     Combinational ALUTs       ; 58                                      ;
;     Dedicated logic registers ; 94                                      ;
; Total registers               ; 94                                      ;
; Total pins                    ; 24                                      ;
; Total virtual pins            ; 0                                       ;
; Total block memory bits       ; 0                                       ;
; DSP block 9-bit elements      ; 0                                       ;
; Total PLLs                    ; 0                                       ;
; Total DLLs                    ; 0                                       ;
+-------------------------------+-----------------------------------------+


+-----------------------------------------+
; Flow Settings                           ;
+-------------------+---------------------+
; Option            ; Setting             ;
+-------------------+---------------------+
; Start date & time ; 05/14/2018 02:30:35 ;
; Main task         ; Compilation         ;
; Revision Name     ; Main                ;
+-------------------+---------------------+


+---------------------------------------------------------------------------------------------------------------------------+
; Flow Non-Default Global Settings                                                                                          ;
+------------------------------------+---------------------------------------+---------------+-------------+----------------+
; Assignment Name                    ; Value                                 ; Default Value ; Entity Name ; Section Id     ;
+------------------------------------+---------------------------------------+---------------+-------------+----------------+
; COMPILER_SIGNATURE_ID              ; 202898072846623.152625423412872       ; --            ; --          ; --             ;
; IP_TOOL_NAME                       ; LPM_FF                                ; --            ; --          ; --             ;
; IP_TOOL_NAME                       ; LPM_MUX                               ; --            ; --          ; --             ;
; IP_TOOL_NAME                       ; LPM_DECODE                            ; --            ; --          ; --             ;
; IP_TOOL_NAME                       ; LPM_INV                               ; --            ; --          ; --             ;
; IP_TOOL_NAME                       ; LPM_AND                               ; --            ; --          ; --             ;
; IP_TOOL_NAME                       ; LPM_ADD_SUB                           ; --            ; --          ; --             ;
; IP_TOOL_NAME                       ; LPM_CLSHIFT                           ; --            ; --          ; --             ;
; IP_TOOL_NAME                       ; LPM_OR                                ; --            ; --          ; --             ;
; IP_TOOL_NAME                       ; LPM_CLSHIFT                           ; --            ; --          ; --             ;
; IP_TOOL_NAME                       ; LPM_ADD_SUB                           ; --            ; --          ; --             ;
; IP_TOOL_NAME                       ; LPM_OR                                ; --            ; --          ; --             ;
; IP_TOOL_NAME                       ; LPM_CONSTANT                          ; --            ; --          ; --             ;
; IP_TOOL_NAME                       ; LPM_OR                                ; --            ; --          ; --             ;
; IP_TOOL_NAME                       ; LPM_FF                                ; --            ; --          ; --             ;
; IP_TOOL_NAME                       ; LPM_DECODE                            ; --            ; --          ; --             ;
; IP_TOOL_NAME                       ; LPM_ADD_SUB                           ; --            ; --          ; --             ;
; IP_TOOL_NAME                       ; LPM_ADD_SUB                           ; --            ; --          ; --             ;
; IP_TOOL_NAME                       ; LPM_MUX                               ; --            ; --          ; --             ;
; IP_TOOL_NAME                       ; LPM_FF                                ; --            ; --          ; --             ;
; IP_TOOL_NAME                       ; LPM_MUX                               ; --            ; --          ; --             ;
; IP_TOOL_NAME                       ; LPM_INV                               ; --            ; --          ; --             ;
; IP_TOOL_NAME                       ; LPM_FF                                ; --            ; --          ; --             ;
; IP_TOOL_NAME                       ; LPM_FF                                ; --            ; --          ; --             ;
; IP_TOOL_NAME                       ; LPM_DECODE                            ; --            ; --          ; --             ;
; IP_TOOL_NAME                       ; LPM_FF                                ; --            ; --          ; --             ;
; IP_TOOL_NAME                       ; LPM_ADD_SUB                           ; --            ; --          ; --             ;
; IP_TOOL_NAME                       ; LPM_ROM                               ; --            ; --          ; --             ;
; IP_TOOL_NAME                       ; LPM_RAM_DQ                            ; --            ; --          ; --             ;
; IP_TOOL_NAME                       ; LPM_CONSTANT                          ; --            ; --          ; --             ;
; IP_TOOL_NAME                       ; LPM_OR                                ; --            ; --          ; --             ;
; IP_TOOL_NAME                       ; LPM_OR                                ; --            ; --          ; --             ;
; IP_TOOL_NAME                       ; LPM_OR                                ; --            ; --          ; --             ;
; IP_TOOL_NAME                       ; LPM_FF                                ; --            ; --          ; --             ;
; IP_TOOL_NAME                       ; LPM_DECODE                            ; --            ; --          ; --             ;
; IP_TOOL_NAME                       ; LPM_MUX                               ; --            ; --          ; --             ;
; IP_TOOL_NAME                       ; LPM_ADD_SUB                           ; --            ; --          ; --             ;
; IP_TOOL_NAME                       ; LPM_OR                                ; --            ; --          ; --             ;
; IP_TOOL_NAME                       ; LPM_COMPARE                           ; --            ; --          ; --             ;
; IP_TOOL_NAME                       ; LPM_OR                                ; --            ; --          ; --             ;
; IP_TOOL_NAME                       ; LPM_OR                                ; --            ; --          ; --             ;
; IP_TOOL_NAME                       ; LPM_MUX                               ; --            ; --          ; --             ;
; IP_TOOL_NAME                       ; LPM_MUX                               ; --            ; --          ; --             ;
; IP_TOOL_NAME                       ; LPM_ADD_SUB                           ; --            ; --          ; --             ;
; IP_TOOL_NAME                       ; LPM_MUX                               ; --            ; --          ; --             ;
; IP_TOOL_NAME                       ; LPM_DECODE                            ; --            ; --          ; --             ;
; IP_TOOL_NAME                       ; LPM_ADD_SUB                           ; --            ; --          ; --             ;
; IP_TOOL_VERSION                    ; 9.1                                   ; --            ; --          ; --             ;
; IP_TOOL_VERSION                    ; 9.1                                   ; --            ; --          ; --             ;
; IP_TOOL_VERSION                    ; 9.1                                   ; --            ; --          ; --             ;
; IP_TOOL_VERSION                    ; 9.1                                   ; --            ; --          ; --             ;
; IP_TOOL_VERSION                    ; 9.1                                   ; --            ; --          ; --             ;
; IP_TOOL_VERSION                    ; 9.1                                   ; --            ; --          ; --             ;
; IP_TOOL_VERSION                    ; 9.1                                   ; --            ; --          ; --             ;
; IP_TOOL_VERSION                    ; 9.1                                   ; --            ; --          ; --             ;
; IP_TOOL_VERSION                    ; 9.1                                   ; --            ; --          ; --             ;
; IP_TOOL_VERSION                    ; 9.1                                   ; --            ; --          ; --             ;
; IP_TOOL_VERSION                    ; 9.1                                   ; --            ; --          ; --             ;
; IP_TOOL_VERSION                    ; 9.1                                   ; --            ; --          ; --             ;
; IP_TOOL_VERSION                    ; 9.1                                   ; --            ; --          ; --             ;
; IP_TOOL_VERSION                    ; 9.1                                   ; --            ; --          ; --             ;
; IP_TOOL_VERSION                    ; 9.1                                   ; --            ; --          ; --             ;
; IP_TOOL_VERSION                    ; 9.1                                   ; --            ; --          ; --             ;
; IP_TOOL_VERSION                    ; 9.1                                   ; --            ; --          ; --             ;
; IP_TOOL_VERSION                    ; 9.1                                   ; --            ; --          ; --             ;
; IP_TOOL_VERSION                    ; 9.1                                   ; --            ; --          ; --             ;
; IP_TOOL_VERSION                    ; 9.1                                   ; --            ; --          ; --             ;
; IP_TOOL_VERSION                    ; 9.1                                   ; --            ; --          ; --             ;
; IP_TOOL_VERSION                    ; 9.1                                   ; --            ; --          ; --             ;
; IP_TOOL_VERSION                    ; 9.1                                   ; --            ; --          ; --             ;
; IP_TOOL_VERSION                    ; 9.1                                   ; --            ; --          ; --             ;
; IP_TOOL_VERSION                    ; 9.1                                   ; --            ; --          ; --             ;
; IP_TOOL_VERSION                    ; 9.1                                   ; --            ; --          ; --             ;
; IP_TOOL_VERSION                    ; 9.1                                   ; --            ; --          ; --             ;
; IP_TOOL_VERSION                    ; 9.1                                   ; --            ; --          ; --             ;
; IP_TOOL_VERSION                    ; 9.1                                   ; --            ; --          ; --             ;
; IP_TOOL_VERSION                    ; 9.1                                   ; --            ; --          ; --             ;
; IP_TOOL_VERSION                    ; 9.1                                   ; --            ; --          ; --             ;
; IP_TOOL_VERSION                    ; 9.1                                   ; --            ; --          ; --             ;
; IP_TOOL_VERSION                    ; 9.1                                   ; --            ; --          ; --             ;
; IP_TOOL_VERSION                    ; 9.1                                   ; --            ; --          ; --             ;
; IP_TOOL_VERSION                    ; 9.1                                   ; --            ; --          ; --             ;
; IP_TOOL_VERSION                    ; 9.1                                   ; --            ; --          ; --             ;
; IP_TOOL_VERSION                    ; 9.1                                   ; --            ; --          ; --             ;
; IP_TOOL_VERSION                    ; 9.1                                   ; --            ; --          ; --             ;
; IP_TOOL_VERSION                    ; 9.1                                   ; --            ; --          ; --             ;
; IP_TOOL_VERSION                    ; 9.1                                   ; --            ; --          ; --             ;
; IP_TOOL_VERSION                    ; 9.1                                   ; --            ; --          ; --             ;
; IP_TOOL_VERSION                    ; 9.1                                   ; --            ; --          ; --             ;
; IP_TOOL_VERSION                    ; 9.1                                   ; --            ; --          ; --             ;
; IP_TOOL_VERSION                    ; 9.1                                   ; --            ; --          ; --             ;
; IP_TOOL_VERSION                    ; 9.1                                   ; --            ; --          ; --             ;
; IP_TOOL_VERSION                    ; 9.1                                   ; --            ; --          ; --             ;
; MISC_FILE                          ; lpm_dff0.bsf                          ; --            ; --          ; --             ;
; MISC_FILE                          ; lpm_dff0_inst.vhd                     ; --            ; --          ; --             ;
; MISC_FILE                          ; lpm_dff0.inc                          ; --            ; --          ; --             ;
; MISC_FILE                          ; lpm_dff0.cmp                          ; --            ; --          ; --             ;
; MISC_FILE                          ; lpm_mux0.bsf                          ; --            ; --          ; --             ;
; MISC_FILE                          ; lpm_mux0_inst.vhd                     ; --            ; --          ; --             ;
; MISC_FILE                          ; lpm_mux0.inc                          ; --            ; --          ; --             ;
; MISC_FILE                          ; lpm_mux0.cmp                          ; --            ; --          ; --             ;
; MISC_FILE                          ; lpm_decode0.bsf                       ; --            ; --          ; --             ;
; MISC_FILE                          ; lpm_decode0_inst.vhd                  ; --            ; --          ; --             ;
; MISC_FILE                          ; lpm_decode0.inc                       ; --            ; --          ; --             ;
; MISC_FILE                          ; lpm_decode0.cmp                       ; --            ; --          ; --             ;
; MISC_FILE                          ; lpm_inv0.bsf                          ; --            ; --          ; --             ;
; MISC_FILE                          ; lpm_inv0_inst.vhd                     ; --            ; --          ; --             ;
; MISC_FILE                          ; lpm_inv0.inc                          ; --            ; --          ; --             ;
; MISC_FILE                          ; lpm_inv0.cmp                          ; --            ; --          ; --             ;
; MISC_FILE                          ; ALU/lpm_and0.bsf                      ; --            ; --          ; --             ;
; MISC_FILE                          ; ALU/lpm_and0.cmp                      ; --            ; --          ; --             ;
; MISC_FILE                          ; ALU/lpm_add_sub0.bsf                  ; --            ; --          ; --             ;
; MISC_FILE                          ; ALU/lpm_add_sub0.cmp                  ; --            ; --          ; --             ;
; MISC_FILE                          ; ALU/lpm_clshift0.bsf                  ; --            ; --          ; --             ;
; MISC_FILE                          ; ALU/lpm_clshift0.cmp                  ; --            ; --          ; --             ;
; MISC_FILE                          ; ALU/lpm_or1.bsf                       ; --            ; --          ; --             ;
; MISC_FILE                          ; ALU/lpm_or1_inst.vhd                  ; --            ; --          ; --             ;
; MISC_FILE                          ; ALU/lpm_or1.inc                       ; --            ; --          ; --             ;
; MISC_FILE                          ; ALU/lpm_or1.cmp                       ; --            ; --          ; --             ;
; MISC_FILE                          ; ALU/lpm_clshift1.bsf                  ; --            ; --          ; --             ;
; MISC_FILE                          ; ALU/lpm_clshift1_inst.vhd             ; --            ; --          ; --             ;
; MISC_FILE                          ; ALU/lpm_clshift1.inc                  ; --            ; --          ; --             ;
; MISC_FILE                          ; ALU/lpm_clshift1.cmp                  ; --            ; --          ; --             ;
; MISC_FILE                          ; ALU/lpm_add_sub1.bsf                  ; --            ; --          ; --             ;
; MISC_FILE                          ; ALU/lpm_add_sub1_inst.vhd             ; --            ; --          ; --             ;
; MISC_FILE                          ; ALU/lpm_add_sub1.inc                  ; --            ; --          ; --             ;
; MISC_FILE                          ; ALU/lpm_add_sub1.cmp                  ; --            ; --          ; --             ;
; MISC_FILE                          ; ALU/lpm_or2.bsf                       ; --            ; --          ; --             ;
; MISC_FILE                          ; ALU/lpm_or2_inst.vhd                  ; --            ; --          ; --             ;
; MISC_FILE                          ; ALU/lpm_or2.inc                       ; --            ; --          ; --             ;
; MISC_FILE                          ; ALU/lpm_or2.cmp                       ; --            ; --          ; --             ;
; MISC_FILE                          ; lpm_constant0.bsf                     ; --            ; --          ; --             ;
; MISC_FILE                          ; lpm_constant0_inst.vhd                ; --            ; --          ; --             ;
; MISC_FILE                          ; lpm_constant0.inc                     ; --            ; --          ; --             ;
; MISC_FILE                          ; lpm_constant0.cmp                     ; --            ; --          ; --             ;
; MISC_FILE                          ; ALU/lpm_or3.bsf                       ; --            ; --          ; --             ;
; MISC_FILE                          ; ALU/lpm_or3_inst.vhd                  ; --            ; --          ; --             ;
; MISC_FILE                          ; ALU/lpm_or3.inc                       ; --            ; --          ; --             ;
; MISC_FILE                          ; ALU/lpm_or3.cmp                       ; --            ; --          ; --             ;
; MISC_FILE                          ; STACK/stack_register.bsf              ; --            ; --          ; --             ;
; MISC_FILE                          ; STACK/stack_register_inst.vhd         ; --            ; --          ; --             ;
; MISC_FILE                          ; STACK/stack_register.inc              ; --            ; --          ; --             ;
; MISC_FILE                          ; STACK/stack_register.cmp              ; --            ; --          ; --             ;
; MISC_FILE                          ; STACK/stack_pointer_decoder.bsf       ; --            ; --          ; --             ;
; MISC_FILE                          ; STACK/stack_pointer_decoder_inst.vhd  ; --            ; --          ; --             ;
; MISC_FILE                          ; STACK/stack_pointer_decoder.inc       ; --            ; --          ; --             ;
; MISC_FILE                          ; STACK/stack_pointer_decoder.cmp       ; --            ; --          ; --             ;
; MISC_FILE                          ; STACK/stack_pop_counter.bsf           ; --            ; --          ; --             ;
; MISC_FILE                          ; STACK/stack_pop_counter_inst.vhd      ; --            ; --          ; --             ;
; MISC_FILE                          ; STACK/stack_pop_counter.inc           ; --            ; --          ; --             ;
; MISC_FILE                          ; STACK/stack_pop_counter.cmp           ; --            ; --          ; --             ;
; MISC_FILE                          ; STACK/stack_push_counter.bsf          ; --            ; --          ; --             ;
; MISC_FILE                          ; STACK/stack_push_counter_inst.vhd     ; --            ; --          ; --             ;
; MISC_FILE                          ; STACK/stack_push_counter.inc          ; --            ; --          ; --             ;
; MISC_FILE                          ; STACK/stack_push_counter.cmp          ; --            ; --          ; --             ;
; MISC_FILE                          ; STACK/push_pop_selector.bsf           ; --            ; --          ; --             ;
; MISC_FILE                          ; STACK/push_pop_selector_inst.vhd      ; --            ; --          ; --             ;
; MISC_FILE                          ; STACK/push_pop_selector.inc           ; --            ; --          ; --             ;
; MISC_FILE                          ; STACK/push_pop_selector.cmp           ; --            ; --          ; --             ;
; MISC_FILE                          ; STACK/stack_pointer_register.bsf      ; --            ; --          ; --             ;
; MISC_FILE                          ; STACK/stack_pointer_register_inst.vhd ; --            ; --          ; --             ;
; MISC_FILE                          ; STACK/stack_pointer_register.inc      ; --            ; --          ; --             ;
; MISC_FILE                          ; STACK/stack_pointer_register.cmp      ; --            ; --          ; --             ;
; MISC_FILE                          ; STACK/stack_register_mux.bsf          ; --            ; --          ; --             ;
; MISC_FILE                          ; STACK/stack_register_mux_inst.vhd     ; --            ; --          ; --             ;
; MISC_FILE                          ; STACK/stack_register_mux.inc          ; --            ; --          ; --             ;
; MISC_FILE                          ; STACK/stack_register_mux.cmp          ; --            ; --          ; --             ;
; MISC_FILE                          ; STACK/address_invertor.bsf            ; --            ; --          ; --             ;
; MISC_FILE                          ; STACK/address_invertor_inst.vhd       ; --            ; --          ; --             ;
; MISC_FILE                          ; STACK/address_invertor.inc            ; --            ; --          ; --             ;
; MISC_FILE                          ; STACK/address_invertor.cmp            ; --            ; --          ; --             ;
; MISC_FILE                          ; STACK/stack_pointer.bsf               ; --            ; --          ; --             ;
; MISC_FILE                          ; STACK/stack_pointer_inst.vhd          ; --            ; --          ; --             ;
; MISC_FILE                          ; STACK/stack_pointer.inc               ; --            ; --          ; --             ;
; MISC_FILE                          ; STACK/stack_pointer.cmp               ; --            ; --          ; --             ;
; MISC_FILE                          ; word_storage.bsf                      ; --            ; --          ; --             ;
; MISC_FILE                          ; word_storage_inst.vhd                 ; --            ; --          ; --             ;
; MISC_FILE                          ; word_storage.inc                      ; --            ; --          ; --             ;
; MISC_FILE                          ; word_storage.cmp                      ; --            ; --          ; --             ;
; MISC_FILE                          ; lpm_decode2.bsf                       ; --            ; --          ; --             ;
; MISC_FILE                          ; lpm_decode2_inst.vhd                  ; --            ; --          ; --             ;
; MISC_FILE                          ; lpm_decode2.inc                       ; --            ; --          ; --             ;
; MISC_FILE                          ; lpm_decode2.cmp                       ; --            ; --          ; --             ;
; MISC_FILE                          ; lpm_dff3.bsf                          ; --            ; --          ; --             ;
; MISC_FILE                          ; lpm_dff3_inst.vhd                     ; --            ; --          ; --             ;
; MISC_FILE                          ; lpm_dff3.inc                          ; --            ; --          ; --             ;
; MISC_FILE                          ; lpm_dff3.cmp                          ; --            ; --          ; --             ;
; MISC_FILE                          ; lpm_add_sub3.bsf                      ; --            ; --          ; --             ;
; MISC_FILE                          ; lpm_add_sub3_inst.vhd                 ; --            ; --          ; --             ;
; MISC_FILE                          ; lpm_add_sub3.inc                      ; --            ; --          ; --             ;
; MISC_FILE                          ; lpm_add_sub3.cmp                      ; --            ; --          ; --             ;
; MISC_FILE                          ; ROM.bsf                               ; --            ; --          ; --             ;
; MISC_FILE                          ; ROM_inst.vhd                          ; --            ; --          ; --             ;
; MISC_FILE                          ; ROM.inc                               ; --            ; --          ; --             ;
; MISC_FILE                          ; ROM.cmp                               ; --            ; --          ; --             ;
; MISC_FILE                          ; RAM.bsf                               ; --            ; --          ; --             ;
; MISC_FILE                          ; RAM_inst.vhd                          ; --            ; --          ; --             ;
; MISC_FILE                          ; RAM.inc                               ; --            ; --          ; --             ;
; MISC_FILE                          ; RAM.cmp                               ; --            ; --          ; --             ;
; MISC_FILE                          ; lpm_constant1.bsf                     ; --            ; --          ; --             ;
; MISC_FILE                          ; lpm_constant1_inst.vhd                ; --            ; --          ; --             ;
; MISC_FILE                          ; lpm_constant1.inc                     ; --            ; --          ; --             ;
; MISC_FILE                          ; lpm_constant1.cmp                     ; --            ; --          ; --             ;
; MISC_FILE                          ; lpm_or16.bsf                          ; --            ; --          ; --             ;
; MISC_FILE                          ; lpm_or16_inst.vhd                     ; --            ; --          ; --             ;
; MISC_FILE                          ; lpm_or16.inc                          ; --            ; --          ; --             ;
; MISC_FILE                          ; lpm_or16.cmp                          ; --            ; --          ; --             ;
; MISC_FILE                          ; lpm_or12.bsf                          ; --            ; --          ; --             ;
; MISC_FILE                          ; lpm_or12_inst.vhd                     ; --            ; --          ; --             ;
; MISC_FILE                          ; lpm_or12.inc                          ; --            ; --          ; --             ;
; MISC_FILE                          ; lpm_or12.cmp                          ; --            ; --          ; --             ;
; MISC_FILE                          ; lpm_or11.bsf                          ; --            ; --          ; --             ;
; MISC_FILE                          ; lpm_or11_inst.vhd                     ; --            ; --          ; --             ;
; MISC_FILE                          ; lpm_or11.inc                          ; --            ; --          ; --             ;
; MISC_FILE                          ; lpm_or11.cmp                          ; --            ; --          ; --             ;
; MISC_FILE                          ; lpm_dff4.bsf                          ; --            ; --          ; --             ;
; MISC_FILE                          ; lpm_dff4_inst.vhd                     ; --            ; --          ; --             ;
; MISC_FILE                          ; lpm_dff4.inc                          ; --            ; --          ; --             ;
; MISC_FILE                          ; lpm_dff4.cmp                          ; --            ; --          ; --             ;
; MISC_FILE                          ; RegisterDecoder.bsf                   ; --            ; --          ; --             ;
; MISC_FILE                          ; RegisterDecoder_inst.vhd              ; --            ; --          ; --             ;
; MISC_FILE                          ; RegisterDecoder.inc                   ; --            ; --          ; --             ;
; MISC_FILE                          ; RegisterDecoder.cmp                   ; --            ; --          ; --             ;
; MISC_FILE                          ; registerMux.bsf                       ; --            ; --          ; --             ;
; MISC_FILE                          ; registerMux_inst.vhd                  ; --            ; --          ; --             ;
; MISC_FILE                          ; registerMux.inc                       ; --            ; --          ; --             ;
; MISC_FILE                          ; registerMux.cmp                       ; --            ; --          ; --             ;
; MISC_FILE                          ; ALU/ALU_ADD.bsf                       ; --            ; --          ; --             ;
; MISC_FILE                          ; ALU/ALU_ADD_inst.vhd                  ; --            ; --          ; --             ;
; MISC_FILE                          ; ALU/ALU_ADD.inc                       ; --            ; --          ; --             ;
; MISC_FILE                          ; ALU/ALU_ADD.cmp                       ; --            ; --          ; --             ;
; MISC_FILE                          ; ALU/lpm_or4.bsf                       ; --            ; --          ; --             ;
; MISC_FILE                          ; ALU/lpm_or4_inst.vhd                  ; --            ; --          ; --             ;
; MISC_FILE                          ; ALU/lpm_or4.inc                       ; --            ; --          ; --             ;
; MISC_FILE                          ; ALU/lpm_or4.cmp                       ; --            ; --          ; --             ;
; MISC_FILE                          ; ALU/ab_comparator.bsf                 ; --            ; --          ; --             ;
; MISC_FILE                          ; ALU/ab_comparator_inst.vhd            ; --            ; --          ; --             ;
; MISC_FILE                          ; ALU/ab_comparator.inc                 ; --            ; --          ; --             ;
; MISC_FILE                          ; ALU/ab_comparator.cmp                 ; --            ; --          ; --             ;
; MISC_FILE                          ; ALU/aluFlagOr.bsf                     ; --            ; --          ; --             ;
; MISC_FILE                          ; ALU/aluFlagOr_inst.vhd                ; --            ; --          ; --             ;
; MISC_FILE                          ; ALU/aluFlagOr.inc                     ; --            ; --          ; --             ;
; MISC_FILE                          ; ALU/aluFlagOr.cmp                     ; --            ; --          ; --             ;
; MISC_FILE                          ; ALU/abOr.bsf                          ; --            ; --          ; --             ;
; MISC_FILE                          ; ALU/abOr_inst.vhd                     ; --            ; --          ; --             ;
; MISC_FILE                          ; ALU/abOr.inc                          ; --            ; --          ; --             ;
; MISC_FILE                          ; ALU/abOr.cmp                          ; --            ; --          ; --             ;
; MISC_FILE                          ; MUX41.bsf                             ; --            ; --          ; --             ;
; MISC_FILE                          ; MUX41_inst.vhd                        ; --            ; --          ; --             ;
; MISC_FILE                          ; MUX41.inc                             ; --            ; --          ; --             ;
; MISC_FILE                          ; MUX41.cmp                             ; --            ; --          ; --             ;
; MISC_FILE                          ; MUX418.bsf                            ; --            ; --          ; --             ;
; MISC_FILE                          ; MUX418_inst.vhd                       ; --            ; --          ; --             ;
; MISC_FILE                          ; MUX418.inc                            ; --            ; --          ; --             ;
; MISC_FILE                          ; MUX418.cmp                            ; --            ; --          ; --             ;
; MISC_FILE                          ; addressAdder.bsf                      ; --            ; --          ; --             ;
; MISC_FILE                          ; addressAdder_inst.vhd                 ; --            ; --          ; --             ;
; MISC_FILE                          ; addressAdder.inc                      ; --            ; --          ; --             ;
; MISC_FILE                          ; addressAdder.cmp                      ; --            ; --          ; --             ;
; MISC_FILE                          ; MUX415.bsf                            ; --            ; --          ; --             ;
; MISC_FILE                          ; MUX415_inst.vhd                       ; --            ; --          ; --             ;
; MISC_FILE                          ; MUX415.inc                            ; --            ; --          ; --             ;
; MISC_FILE                          ; MUX415.cmp                            ; --            ; --          ; --             ;
; MISC_FILE                          ; rawCommandDecoder.bsf                 ; --            ; --          ; --             ;
; MISC_FILE                          ; rawCommandDecoder_inst.vhd            ; --            ; --          ; --             ;
; MISC_FILE                          ; rawCommandDecoder.inc                 ; --            ; --          ; --             ;
; MISC_FILE                          ; rawCommandDecoder.cmp                 ; --            ; --          ; --             ;
; MISC_FILE                          ; stack_address_sub.bsf                 ; --            ; --          ; --             ;
; MISC_FILE                          ; stack_address_sub_inst.vhd            ; --            ; --          ; --             ;
; MISC_FILE                          ; stack_address_sub.inc                 ; --            ; --          ; --             ;
; MISC_FILE                          ; stack_address_sub.cmp                 ; --            ; --          ; --             ;
; PARTITION_COLOR                    ; 16764057                              ; --            ; STACK       ; Top            ;
; PARTITION_NETLIST_TYPE             ; SOURCE                                ; --            ; STACK       ; Top            ;
; TOP_LEVEL_ENTITY                   ; STACK                                 ; Main          ; --          ; --             ;
; USE_GENERATED_PHYSICAL_CONSTRAINTS ; Off                                   ; --            ; --          ; eda_blast_fpga ;
+------------------------------------+---------------------------------------+---------------+-------------+----------------+


+--------------------------------------------------------------------------------------------------------------------------+
; Flow Elapsed Time                                                                                                        ;
+----------------------+--------------+-------------------------+---------------------+------------------------------------+
; Module Name          ; Elapsed Time ; Average Processors Used ; Peak Virtual Memory ; Total CPU Time (on all processors) ;
+----------------------+--------------+-------------------------+---------------------+------------------------------------+
; Analysis & Synthesis ; 00:00:10     ; 1.0                     ; 304 MB              ; 00:00:20                           ;
; Total                ; 00:00:10     ; --                      ; --                  ; 00:00:20                           ;
+----------------------+--------------+-------------------------+---------------------+------------------------------------+


+---------------------------------------------------------------------------------------+
; Flow OS Summary                                                                       ;
+----------------------+------------------+---------------+------------+----------------+
; Module Name          ; Machine Hostname ; OS Name       ; OS Version ; Processor type ;
+----------------------+------------------+---------------+------------+----------------+
; Analysis & Synthesis ; DESKTOP-L54QHKG  ; Windows Vista ; 6.2        ; x86_64         ;
+----------------------+------------------+---------------+------------+----------------+


------------
; Flow Log ;
------------
quartus_map --read_settings_files=on --write_settings_files=off Main -c Main



